Arguments: 
  /usr/local/Cellar/node/12.10.0/bin/node /usr/local/Cellar/yarn/1.17.3/libexec/bin/yarn.js

PATH: 
  /usr/local/bin:/usr/bin:/bin:/usr/sbin:/sbin

Yarn version: 
  1.17.3

Node version: 
  12.10.0

Platform: 
  darwin x64

Trace: 
  Error: EACCES: permission denied, scandir '/Users/tu/.config/yarn/link'

npm manifest: 
  {
    "name": "flixie2",
    "version": "0.1.0",
    "private": true,
    "dependencies": {
      "bloomer": "^0.6.3",
      "bootstrap": "^4.1.3",
      "bulma": "^0.7.1",
      "react": "^16.4.1",
      "react-dom": "^16.4.1",
      "react-modal-image": "^2.3.2",
      "react-scripts": "1.1.4",
      "reactstrap": "^6.3.1"
    },
    "scripts": {
      "start": "react-scripts start",
      "build": "react-scripts build",
      "test": "react-scripts test --env=jsdom",
      "eject": "react-scripts eject"
    }
  }

yarn manifest: 
  No manifest

Lockfile: 
  No lockfile
